Using pre-set license
Built from '2020.3/release' branch; Version is '2020.3.1f1 (77a89f25062f) revision 7841951'; Using compiler version '192528614'; Build Type 'Release'
OS: 'Windows 10 Education; OS build 18363.2037; Version 1909; 64bit' Language: 'ko' Physical Memory: 16311 MB
BatchMode: 1, IsHumanControllingUs: 0, StartBugReporterOnCrash: 0, Is64bit: 1, IsPro: 0

 COMMAND LINE ARGUMENTS:
C:\Program Files\Unity\Hub\Editor\2020.3.1f1\Editor\Unity.exe
-adb2
-batchMode
-noUpm
-name
AssetImportWorker0
-projectPath
C:/Users/AMEN/Documents/GitHub/MSE_Hangman/Hangman
-logFile
Logs/AssetImportWorker0.log
-srvPort
59659
Successfully changed project path to: C:/Users/AMEN/Documents/GitHub/MSE_Hangman/Hangman
C:/Users/AMEN/Documents/GitHub/MSE_Hangman/Hangman
Using Asset Import Pipeline V2.
Refreshing native plugins compatible for Editor in 47.93 ms, found 1 plugins.
Preloading 0 native plugins for Editor in 0.00 ms.
Initialize engine version: 2020.3.1f1 (77a89f25062f)
[Subsystems] Discovering subsystems at path C:/Program Files/Unity/Hub/Editor/2020.3.1f1/Editor/Data/Resources/UnitySubsystems
[Subsystems] Discovering subsystems at path C:/Users/AMEN/Documents/GitHub/MSE_Hangman/Hangman/Assets
GfxDevice: creating device client; threaded=0
Direct3D:
    Version:  Direct3D 11.0 [level 11.1]
    Renderer: NVIDIA GeForce GTX 1070 Ti (ID=0x1b82)
    Vendor:   
    VRAM:     8079 MB
    Driver:   27.21.14.5671
Initialize mono
Mono path[0] = 'C:/Program Files/Unity/Hub/Editor/2020.3.1f1/Editor/Data/Managed'
Mono path[1] = 'C:/Program Files/Unity/Hub/Editor/2020.3.1f1/Editor/Data/MonoBleedingEdge/lib/mono/unityjit'
Mono config path = 'C:/Program Files/Unity/Hub/Editor/2020.3.1f1/Editor/Data/MonoBleedingEdge/etc'
Using monoOptions --debugger-agent=transport=dt_socket,embedding=1,server=y,suspend=n,address=127.0.0.1:56656
Begin MonoManager ReloadAssembly
Registering precompiled unity dll's ...
Register platform support module: C:/Program Files/Unity/Hub/Editor/2020.3.1f1/Editor/Data/PlaybackEngines/WindowsStandaloneSupport/UnityEditor.WindowsStandalone.Extensions.dll
Registered in 0.004217 seconds.
Native extension for WindowsStandalone target not found
Refreshing native plugins compatible for Editor in 43.69 ms, found 1 plugins.
Preloading 0 native plugins for Editor in 0.00 ms.
Invoked RoslynAnalysisRunner static constructor.
RoslynAnalysisRunner will not be running.
RoslynAnalysisRunner has terminated.
Mono: successfully reloaded assembly
- Completed reload, in  1.473 seconds
Platform modules already initialized, skipping
Registering precompiled user dll's ...
Registered in 0.002117 seconds.
Begin MonoManager ReloadAssembly
Native extension for WindowsStandalone target not found
Refreshing native plugins compatible for Editor in 46.85 ms, found 1 plugins.
Preloading 0 native plugins for Editor in 0.00 ms.
Invoked RoslynAnalysisRunner static constructor.
RoslynAnalysisRunner will not be running.
RoslynAnalysisRunner has terminated.
Mono: successfully reloaded assembly
- Completed reload, in  1.113 seconds
Platform modules already initialized, skipping
========================================================================
Worker process is ready to serve import requests
Launched and connected shader compiler UnityShaderCompiler.exe after 0.10 seconds
Refreshing native plugins compatible for Editor in 0.44 ms, found 1 plugins.
Preloading 0 native plugins for Editor in 0.00 ms.
Unloading 1821 Unused Serialized files (Serialized files now loaded: 0)
System memory in use before: 86.8 MB.
System memory in use after: 86.8 MB.

Unloading 24 unused Assets to reduce memory usage. Loaded Objects now: 2265.
Total: 2.147300 ms (FindLiveObjects: 0.226900 ms CreateObjectMapping: 0.048900 ms MarkObjects: 1.722900 ms  DeleteObjects: 0.147500 ms)

========================================================================
Received Import Request.
  path: Assets/Sign_in.cs
  artifactKey: Guid(87b7a1eae0bf34144933817ebcf2f0f9) Importer(815301076,1909f56bfc062723c751e8b465ee728b)
Start importing Assets/Sign_in.cs using Guid(87b7a1eae0bf34144933817ebcf2f0f9) Importer(815301076,1909f56bfc062723c751e8b465ee728b)  -> (artifact id: '9f5f6ab183f7de1afc43d82929f63837') in 0.053543 seconds
  Import took 0.057030 seconds .

========================================================================
Received Import Request.
  Time since last request: 313.326861 seconds.
  path: Assets/Network_manager.cs
  artifactKey: Guid(de8b30e86b3a5e04aa3a282ae4a7d8f7) Importer(815301076,1909f56bfc062723c751e8b465ee728b)
Start importing Assets/Network_manager.cs using Guid(de8b30e86b3a5e04aa3a282ae4a7d8f7) Importer(815301076,1909f56bfc062723c751e8b465ee728b)  -> (artifact id: '3561b09a8ff445a0b0f616c36fe75c9d') in 0.015292 seconds
  Import took 0.019007 seconds .

========================================================================
Received Import Request.
  Time since last request: 0.121514 seconds.
  path: Assets/Network_manager.cs
  artifactKey: Guid(de8b30e86b3a5e04aa3a282ae4a7d8f7) Importer(815301076,1909f56bfc062723c751e8b465ee728b)
Start importing Assets/Network_manager.cs using Guid(de8b30e86b3a5e04aa3a282ae4a7d8f7) Importer(815301076,1909f56bfc062723c751e8b465ee728b)  -> (artifact id: '3561b09a8ff445a0b0f616c36fe75c9d') in 0.013046 seconds
  Import took 0.018019 seconds .

========================================================================
Received Prepare
Registering precompiled user dll's ...
Registered in 0.002266 seconds.
Begin MonoManager ReloadAssembly
Native extension for WindowsStandalone target not found
Refreshing native plugins compatible for Editor in 0.43 ms, found 1 plugins.
Preloading 0 native plugins for Editor in 0.00 ms.
Invoked RoslynAnalysisRunner static constructor.
RoslynAnalysisRunner will not be running.
RoslynAnalysisRunner has terminated.
Mono: successfully reloaded assembly
- Completed reload, in  1.008 seconds
Platform modules already initialized, skipping
Refreshing native plugins compatible for Editor in 0.43 ms, found 1 plugins.
Preloading 0 native plugins for Editor in 0.00 ms.
Unloading 1803 Unused Serialized files (Serialized files now loaded: 0)
System memory in use before: 85.8 MB.
System memory in use after: 85.8 MB.

Unloading 12 unused Assets to reduce memory usage. Loaded Objects now: 2269.
Total: 2.271300 ms (FindLiveObjects: 0.218300 ms CreateObjectMapping: 0.046400 ms MarkObjects: 1.873100 ms  DeleteObjects: 0.132300 ms)

AssetImportWorkerClient::OnTransportError - code=2 error=End of file
